2018/10/30 16:58:15| Set Current Directory to /var/spool/squid
2018/10/30 16:58:15| Creating missing swap directories
2018/10/30 16:58:15| /var/spool/squid exists
2018/10/30 16:58:15| Making directories in /var/spool/squid/00
2018/10/30 16:58:15| Making directories in /var/spool/squid/01
2018/10/30 16:58:16| Making directories in /var/spool/squid/02
2018/10/30 16:58:17| Making directories in /var/spool/squid/03
2018/10/30 16:58:18| Making directories in /var/spool/squid/04
2018/10/30 16:58:18| Making directories in /var/spool/squid/05
2018/10/30 16:58:19| Making directories in /var/spool/squid/06
2018/10/30 16:58:20| Making directories in /var/spool/squid/07
2018/10/30 16:58:20| Making directories in /var/spool/squid/08
2018/10/30 16:58:21| Making directories in /var/spool/squid/09
2018/10/30 16:58:21| Making directories in /var/spool/squid/0A
2018/10/30 16:58:22| Making directories in /var/spool/squid/0B
2018/10/30 16:58:23| Making directories in /var/spool/squid/0C
2018/10/30 16:58:23| Making directories in /var/spool/squid/0D
2018/10/30 16:58:24| Making directories in /var/spool/squid/0E
2018/10/30 16:58:24| Making directories in /var/spool/squid/0F
2018/10/30 16:58:25| Set Current Directory to /var/spool/squid
2018/10/30 16:58:25| Starting Squid Cache version 3.5.12 for x86_64-pc-linux-gnu...
2018/10/30 16:58:25| Service Name: squid
2018/10/30 16:58:25| Process ID 1
2018/10/30 16:58:25| Process Roles: master worker
2018/10/30 16:58:25| With 1048576 file descriptors available
2018/10/30 16:58:25| Initializing IP Cache...
2018/10/30 16:58:25| DNS Socket created at [::], FD 8
2018/10/30 16:58:25| DNS Socket created at 0.0.0.0, FD 9
2018/10/30 16:58:25| Adding nameserver 127.0.0.11 from /etc/resolv.conf
2018/10/30 16:58:25| Adding ndots 1 from /etc/resolv.conf
2018/10/30 16:58:25| Logfile: opening log daemon:/var/log/squid/access.log
2018/10/30 16:58:25| Logfile Daemon: opening log /var/log/squid/access.log
2018/10/30 16:58:25| Unlinkd pipe opened on FD 15
2018/10/30 16:58:25| Local cache digest enabled; rebuild/rewrite every 3600/3600 sec
2018/10/30 16:58:25| Logfile: opening log /var/log/squid/store.log
2018/10/30 16:58:25| WARNING: log name now starts with a module name. Use 'stdio:/var/log/squid/store.log'
2018/10/30 16:58:25| Swap maxSize 102400 + 8192 KB, estimated 8507 objects
2018/10/30 16:58:25| Target number of buckets: 425
2018/10/30 16:58:25| Using 8192 Store buckets
2018/10/30 16:58:25| Max Mem  size: 8192 KB
2018/10/30 16:58:25| Max Swap size: 102400 KB
2018/10/30 16:58:26| Rebuilding storage in /var/spool/squid (no log)
2018/10/30 16:58:26| Using Least Load store dir selection
2018/10/30 16:58:26| Set Current Directory to /var/spool/squid
2018/10/30 16:58:26| Finished loading MIME types and icons.
2018/10/30 16:58:26| HTCP Disabled.
2018/10/30 16:58:26| commBind: Cannot bind socket FD 20 to [::1]: (99) Cannot assign requested address
2018/10/30 16:58:26| commBind: Cannot bind socket FD 21 to [::1]: (99) Cannot assign requested address
2018/10/30 16:58:26| ERROR: Failed to create helper child read FD: UDP[::1]
2018/10/30 16:58:26| Squid plugin modules loaded: 0
2018/10/30 16:58:26| Adaptation support is off.
2018/10/30 16:58:26| Accepting HTTP Socket connections at local=[::]:3128 remote=[::] FD 18 flags=9
2018/10/30 16:58:26| Accepting ICP messages on [::]:3130
2018/10/30 16:58:26| Sending ICP messages from [::]:3130
2018/10/30 16:58:26| Configuring Sibling p1/3128/3130
2018/10/30 16:58:39| Done scanning /var/spool/squid dir (0 entries)
2018/10/30 16:58:39| Finished rebuilding storage from disk.
2018/10/30 16:58:39|         0 Entries scanned
2018/10/30 16:58:39|         0 Invalid entries.
2018/10/30 16:58:39|         0 With invalid flags.
2018/10/30 16:58:39|         0 Objects loaded.
2018/10/30 16:58:39|         0 Objects expired.
2018/10/30 16:58:39|         0 Objects cancelled.
2018/10/30 16:58:39|         0 Duplicate URLs purged.
2018/10/30 16:58:39|         0 Swapfile clashes avoided.
2018/10/30 16:58:39|   Took 13.76 seconds (  0.00 objects/sec).
2018/10/30 16:58:39| Beginning Validation Procedure
2018/10/30 16:58:39|   Completed Validation Procedure
2018/10/30 16:58:39|   Validated 0 Entries
2018/10/30 16:58:39|   store_swap_size = 0.00 KB
2018/10/30 16:58:40| storeLateRelease: released 0 objects
2018/10/30 17:01:05| Preparing for shutdown after 4 requests
2018/10/30 17:01:05| Waiting 30 seconds for active connections to finish
2018/10/30 17:01:05| Closing HTTP port [::]:3128
2018/10/30 17:01:05| Stop receiving ICP on [::]:3130
2018/10/30 17:01:52| Set Current Directory to /var/spool/squid
2018/10/30 17:01:52| Creating missing swap directories
2018/10/30 17:01:52| /var/spool/squid exists
2018/10/30 17:01:52| Making directories in /var/spool/squid/00
2018/10/30 17:01:53| Making directories in /var/spool/squid/01
2018/10/30 17:01:54| Making directories in /var/spool/squid/02
2018/10/30 17:01:54| Making directories in /var/spool/squid/03
2018/10/30 17:01:55| Making directories in /var/spool/squid/04
2018/10/30 17:01:56| Making directories in /var/spool/squid/05
2018/10/30 17:01:56| Making directories in /var/spool/squid/06
2018/10/30 17:01:57| Making directories in /var/spool/squid/07
2018/10/30 17:01:57| Making directories in /var/spool/squid/08
2018/10/30 17:01:58| Making directories in /var/spool/squid/09
2018/10/30 17:01:59| Making directories in /var/spool/squid/0A
2018/10/30 17:01:59| Making directories in /var/spool/squid/0B
2018/10/30 17:02:00| Making directories in /var/spool/squid/0C
2018/10/30 17:02:01| Making directories in /var/spool/squid/0D
2018/10/30 17:02:02| Making directories in /var/spool/squid/0E
2018/10/30 17:02:02| Making directories in /var/spool/squid/0F
2018/10/30 17:02:03| Set Current Directory to /var/spool/squid
2018/10/30 17:02:03| Starting Squid Cache version 3.5.12 for x86_64-pc-linux-gnu...
2018/10/30 17:02:03| Service Name: squid
2018/10/30 17:02:03| Process ID 1
2018/10/30 17:02:03| Process Roles: master worker
2018/10/30 17:02:03| With 1048576 file descriptors available
2018/10/30 17:02:03| Initializing IP Cache...
2018/10/30 17:02:03| DNS Socket created at [::], FD 8
2018/10/30 17:02:03| DNS Socket created at 0.0.0.0, FD 9
2018/10/30 17:02:03| Adding nameserver 127.0.0.11 from /etc/resolv.conf
2018/10/30 17:02:03| Adding ndots 1 from /etc/resolv.conf
2018/10/30 17:02:03| Logfile: opening log daemon:/var/log/squid/access.log
2018/10/30 17:02:03| Logfile Daemon: opening log /var/log/squid/access.log
2018/10/30 17:02:03| Unlinkd pipe opened on FD 15
2018/10/30 17:02:03| Local cache digest enabled; rebuild/rewrite every 3600/3600 sec
2018/10/30 17:02:03| Logfile: opening log /var/log/squid/store.log
2018/10/30 17:02:03| WARNING: log name now starts with a module name. Use 'stdio:/var/log/squid/store.log'
2018/10/30 17:02:03| Swap maxSize 102400 + 8192 KB, estimated 8507 objects
2018/10/30 17:02:03| Target number of buckets: 425
2018/10/30 17:02:03| Using 8192 Store buckets
2018/10/30 17:02:03| Max Mem  size: 8192 KB
2018/10/30 17:02:03| Max Swap size: 102400 KB
2018/10/30 17:02:03| Rebuilding storage in /var/spool/squid (no log)
2018/10/30 17:02:03| Using Least Load store dir selection
2018/10/30 17:02:03| Set Current Directory to /var/spool/squid
2018/10/30 17:02:04| Finished loading MIME types and icons.
2018/10/30 17:02:04| HTCP Disabled.
2018/10/30 17:02:04| commBind: Cannot bind socket FD 20 to [::1]: (99) Cannot assign requested address
2018/10/30 17:02:04| commBind: Cannot bind socket FD 21 to [::1]: (99) Cannot assign requested address
2018/10/30 17:02:04| ERROR: Failed to create helper child read FD: UDP[::1]
2018/10/30 17:02:04| Squid plugin modules loaded: 0
2018/10/30 17:02:04| Adaptation support is off.
2018/10/30 17:02:04| Accepting HTTP Socket connections at local=[::]:3128 remote=[::] FD 18 flags=9
2018/10/30 17:02:04| Accepting ICP messages on [::]:3130
2018/10/30 17:02:04| Sending ICP messages from [::]:3130
2018/10/30 17:02:04| Configuring Sibling p1/3128/3130
2018/10/30 17:02:18| Done scanning /var/spool/squid dir (0 entries)
2018/10/30 17:02:18| Finished rebuilding storage from disk.
2018/10/30 17:02:18|         0 Entries scanned
2018/10/30 17:02:18|         0 Invalid entries.
2018/10/30 17:02:18|         0 With invalid flags.
2018/10/30 17:02:18|         0 Objects loaded.
2018/10/30 17:02:18|         0 Objects expired.
2018/10/30 17:02:18|         0 Objects cancelled.
2018/10/30 17:02:18|         0 Duplicate URLs purged.
2018/10/30 17:02:18|         0 Swapfile clashes avoided.
2018/10/30 17:02:18|   Took 14.43 seconds (  0.00 objects/sec).
2018/10/30 17:02:18| Beginning Validation Procedure
2018/10/30 17:02:18|   Completed Validation Procedure
2018/10/30 17:02:18|   Validated 0 Entries
2018/10/30 17:02:18|   store_swap_size = 0.00 KB
2018/10/30 17:02:19| storeLateRelease: released 0 objects
2018/10/30 17:02:23| Preparing for shutdown after 0 requests
2018/10/30 17:02:23| Waiting 30 seconds for active connections to finish
2018/10/30 17:02:23| Closing HTTP port [::]:3128
2018/10/30 17:02:23| Stop receiving ICP on [::]:3130
2018/10/30 17:02:55| Set Current Directory to /var/spool/squid
2018/10/30 17:02:55| Starting Squid Cache version 3.5.12 for x86_64-pc-linux-gnu...
2018/10/30 17:02:55| Service Name: squid
2018/10/30 17:02:55| Process ID 1
2018/10/30 17:02:55| Process Roles: master worker
2018/10/30 17:02:55| With 1048576 file descriptors available
2018/10/30 17:02:56| Initializing IP Cache...
2018/10/30 17:02:56| DNS Socket created at [::], FD 8
2018/10/30 17:02:56| DNS Socket created at 0.0.0.0, FD 9
2018/10/30 17:02:56| Adding nameserver 127.0.0.11 from /etc/resolv.conf
2018/10/30 17:02:56| Adding ndots 1 from /etc/resolv.conf
2018/10/30 17:02:56| Logfile: opening log daemon:/var/log/squid/access.log
2018/10/30 17:02:56| Logfile Daemon: opening log /var/log/squid/access.log
2018/10/30 17:02:56| Unlinkd pipe opened on FD 15
2018/10/30 17:02:56| Local cache digest enabled; rebuild/rewrite every 3600/3600 sec
2018/10/30 17:02:56| Logfile: opening log /var/log/squid/store.log
2018/10/30 17:02:56| WARNING: log name now starts with a module name. Use 'stdio:/var/log/squid/store.log'
2018/10/30 17:02:56| Swap maxSize 102400 + 8192 KB, estimated 8507 objects
2018/10/30 17:02:56| Target number of buckets: 425
2018/10/30 17:02:56| Using 8192 Store buckets
2018/10/30 17:02:56| Max Mem  size: 8192 KB
2018/10/30 17:02:56| Max Swap size: 102400 KB
2018/10/30 17:02:56| Rebuilding storage in /var/spool/squid (dirty log)
2018/10/30 17:02:56| Using Least Load store dir selection
2018/10/30 17:02:56| Set Current Directory to /var/spool/squid
2018/10/30 17:02:56| Finished loading MIME types and icons.
2018/10/30 17:02:56| HTCP Disabled.
2018/10/30 17:02:56| commBind: Cannot bind socket FD 21 to [::1]: (99) Cannot assign requested address
2018/10/30 17:02:56| commBind: Cannot bind socket FD 22 to [::1]: (99) Cannot assign requested address
2018/10/30 17:02:56| ERROR: Failed to create helper child read FD: UDP[::1]
2018/10/30 17:02:56| Squid plugin modules loaded: 0
2018/10/30 17:02:56| Adaptation support is off.
2018/10/30 17:02:56| Accepting HTTP Socket connections at local=[::]:3128 remote=[::] FD 19 flags=9
2018/10/30 17:02:56| Accepting ICP messages on [::]:3130
2018/10/30 17:02:56| Sending ICP messages from [::]:3130
2018/10/30 17:02:56| Done reading /var/spool/squid swaplog (0 entries)
2018/10/30 17:02:56| Store rebuilding is 0.00% complete
2018/10/30 17:02:56| Finished rebuilding storage from disk.
2018/10/30 17:02:56|         0 Entries scanned
2018/10/30 17:02:56|         0 Invalid entries.
2018/10/30 17:02:56|         0 With invalid flags.
2018/10/30 17:02:56|         0 Objects loaded.
2018/10/30 17:02:56|         0 Objects expired.
2018/10/30 17:02:56|         0 Objects cancelled.
2018/10/30 17:02:56|         0 Duplicate URLs purged.
2018/10/30 17:02:56|         0 Swapfile clashes avoided.
2018/10/30 17:02:56|   Took 0.13 seconds (  0.00 objects/sec).
2018/10/30 17:02:56| Beginning Validation Procedure
2018/10/30 17:02:56|   Completed Validation Procedure
2018/10/30 17:02:56|   Validated 0 Entries
2018/10/30 17:02:56|   store_swap_size = 0.00 KB
2018/10/30 17:02:56| Configuring Sibling p1/3128/3130
2018/10/30 17:02:57| storeLateRelease: released 0 objects
